[13-May-2024 07:43:10 UTC] PHP Warning:  Undefined array key "editor_post_id" in C:\Users\ameli\Local Sites\la-vie-des-plantes\app\public\wp-content\plugins\elementor\modules\history\revisions-manager.php on line 363
[13-May-2024 07:44:56 UTC] PHP Warning:  Undefined array key "editor_post_id" in C:\Users\ameli\Local Sites\la-vie-des-plantes\app\public\wp-content\plugins\elementor\modules\history\revisions-manager.php on line 363
[13-May-2024 12:29:28 UTC] PHP Warning:  Undefined array key "editor_post_id" in C:\Users\ameli\Local Sites\la-vie-des-plantes\app\public\wp-content\plugins\elementor\modules\history\revisions-manager.php on line 363
[13-May-2024 12:30:14 UTC] PHP Warning:  Undefined array key "editor_post_id" in C:\Users\ameli\Local Sites\la-vie-des-plantes\app\public\wp-content\plugins\elementor\modules\history\revisions-manager.php on line 363
[13-May-2024 13:10:47 UTC] [Image Optimizer]: info in ImageOptimization\Modules\Oauth\Components\Connect::get_connect_status(): Status getting error. Reason: User is not connected
[13-May-2024 15:26:14 UTC] PHP Warning:  Undefined array key "queryId" in C:\Users\ameli\Local Sites\la-vie-des-plantes\app\public\wp-content\plugins\woocommerce\src\Blocks\BlockTypes\ProductCollection.php on line 289
[13-May-2024 15:26:14 UTC] PHP Warning:  Undefined array key "queryId" in C:\Users\ameli\Local Sites\la-vie-des-plantes\app\public\wp-content\plugins\woocommerce\src\Blocks\BlockTypes\ProductCollection.php on line 114
[13-May-2024 15:26:14 UTC] PHP Warning:  Undefined array key "queryId" in C:\Users\ameli\Local Sites\la-vie-des-plantes\app\public\wp-content\plugins\woocommerce\src\Blocks\BlockTypes\ProductCollection.php on line 311
[13-May-2024 15:26:14 UTC] PHP Warning:  Undefined array key "queryId" in C:\Users\ameli\Local Sites\la-vie-des-plantes\app\public\wp-content\plugins\woocommerce\src\Blocks\BlockTypes\ProductCollection.php on line 289
[13-May-2024 15:26:14 UTC] PHP Warning:  Undefined array key "queryId" in C:\Users\ameli\Local Sites\la-vie-des-plantes\app\public\wp-content\plugins\woocommerce\src\Blocks\BlockTypes\ProductCollection.php on line 114
[13-May-2024 15:26:14 UTC] PHP Warning:  Undefined array key "queryId" in C:\Users\ameli\Local Sites\la-vie-des-plantes\app\public\wp-content\plugins\woocommerce\src\Blocks\BlockTypes\ProductCollection.php on line 311
[13-May-2024 17:33:13 UTC] PHP Warning:  Undefined array key "editor_post_id" in C:\Users\ameli\Local Sites\la-vie-des-plantes\app\public\wp-content\plugins\elementor\modules\history\revisions-manager.php on line 363
[13-May-2024 18:30:21 UTC] [Image Optimizer]: info in ImageOptimization\Modules\Oauth\Components\Connect::get_connect_status(): Status getting error. Reason: User is not connected
[13-May-2024 18:30:26 UTC] [Image Optimizer]: info in ImageOptimization\Modules\Oauth\Components\Connect::get_connect_status(): Status getting error. Reason: User is not connected
[13-May-2024 18:30:31 UTC] [Image Optimizer]: info in ImageOptimization\Modules\Oauth\Components\Connect::get_connect_status(): Status getting error. Reason: User is not connected
[13-May-2024 18:30:36 UTC] [Image Optimizer]: info in ImageOptimization\Modules\Oauth\Components\Connect::get_connect_status(): Status getting error. Reason: User is not connected
[13-May-2024 18:41:05 UTC] Erreur d’événement de déplanification de tâche pour le crochet wp_1_wc_privacy_cleanup_cron. Code d’erreur : could_not_set. Message d’erreur : La liste des évènements planifiés n’a pas pu être sauvegardée.. Données : {"schedule":"wp_1_wc_privacy_cleanup_cron_interval","args":[],"interval":300}
[13-May-2024 19:04:09 UTC] [Image Optimizer]: info in ImageOptimization\Modules\Oauth\Components\Connect::get_connect_status(): Status getting error. Reason: User is not connected
[13-May-2024 19:07:29 UTC] [Image Optimizer]: info in ImageOptimization\Modules\Oauth\Components\Connect::get_connect_status(): Status getting error. Reason: User is not connected
[13-May-2024 19:07:35 UTC] [Image Optimizer]: info in ImageOptimization\Modules\Oauth\Components\Connect::get_connect_status(): Status getting error. Reason: User is not connected
[13-May-2024 19:32:42 UTC] PHP Warning:  Attempt to read property "post_content" on null in C:\Users\ameli\Local Sites\la-vie-des-plantes\app\public\wp-content\plugins\woocommerce\includes\customizer\class-wc-shop-customizer.php on line 950
[13-May-2024 19:32:42 UTC] PHP Warning:  Attempt to read property "post_content" on null in C:\Users\ameli\Local Sites\la-vie-des-plantes\app\public\wp-content\plugins\woocommerce\includes\customizer\class-wc-shop-customizer.php on line 950
[13-May-2024 19:45:46 UTC] PHP Warning:  Attempt to read property "post_content" on null in C:\Users\ameli\Local Sites\la-vie-des-plantes\app\public\wp-content\plugins\woocommerce\includes\customizer\class-wc-shop-customizer.php on line 950
[13-May-2024 19:45:46 UTC] PHP Warning:  Attempt to read property "post_content" on null in C:\Users\ameli\Local Sites\la-vie-des-plantes\app\public\wp-content\plugins\woocommerce\includes\customizer\class-wc-shop-customizer.php on line 950
[13-May-2024 19:55:11 UTC] PHP Warning:  Attempt to read property "post_content" on null in C:\Users\ameli\Local Sites\la-vie-des-plantes\app\public\wp-content\plugins\woocommerce\includes\customizer\class-wc-shop-customizer.php on line 950
[13-May-2024 19:55:11 UTC] PHP Warning:  Attempt to read property "post_content" on null in C:\Users\ameli\Local Sites\la-vie-des-plantes\app\public\wp-content\plugins\woocommerce\includes\customizer\class-wc-shop-customizer.php on line 950
[13-May-2024 19:58:48 UTC] [Image Optimizer]: info in ImageOptimization\Modules\Oauth\Components\Connect::get_connect_status(): Status getting error. Reason: User is not connected
